[
    {
        "fecha_hora": "2025-03-27 21:05:13 -05",
        "estrategia": "mediano_plazo",
        "numeros_destino": [
            "+57 317 4131370"
        ],
        "mensaje": "No se detectaron cambios significativos desde la 칰ltima ejecuci칩n.",
        "comparacion_completa": [
            {
                "mercado": "TSLA",
                "analisis_comparativo": {
                    "Precio": {
                        "anterior": {
                            "accion": "comprar",
                            "descripcion": "El precio actual(273.13) es mayor que el anterior(272.06), indicando tendencia alcista."
                        },
                        "actual": {
                            "accion": "comprar",
                            "descripcion": "El precio actual(273.13) es mayor que el anterior(272.06), indicando tendencia alcista."
                        }
                    },
                    "Estoc치stico": {
                        "anterior": {
                            "accion": "vender",
                            "descripcion": "%K(74.99) est치 por debajo de %D(84.08), indicando tendencia bajista."
                        },
                        "actual": {
                            "accion": "vender",
                            "descripcion": "%K(74.99) est치 por debajo de %D(84.08), indicando tendencia bajista."
                        }
                    },
                    "MACD": {
                        "anterior": {
                            "accion": "comprar",
                            "descripcion": "MACD(-15.06) est치 por encima de la se침al(-23.68), indicando tendencia alcista."
                        },
                        "actual": {
                            "accion": "comprar",
                            "descripcion": "MACD(-15.06) est치 por encima de la se침al(-23.68), indicando tendencia alcista."
                        }
                    },
                    "RSI": {
                        "anterior": {
                            "accion": "hold",
                            "descripcion": "RSI(52.78) est치 dentro del rango normal (35.00 < RSI < 65.00), no se recomienda acci칩n."
                        },
                        "actual": {
                            "accion": "hold",
                            "descripcion": "RSI(52.78) est치 dentro del rango normal (35.00 < RSI < 65.00), no se recomienda acci칩n."
                        }
                    }
                }
            },
            {
                "mercado": "AAPL",
                "analisis_comparativo": {
                    "Precio": {
                        "anterior": {
                            "accion": "comprar",
                            "descripcion": "El precio actual(223.85) es mayor que el anterior(221.53), indicando tendencia alcista."
                        },
                        "actual": {
                            "accion": "comprar",
                            "descripcion": "El precio actual(223.85) es mayor que el anterior(221.53), indicando tendencia alcista."
                        }
                    },
                    "Estoc치stico": {
                        "anterior": {
                            "accion": "comprar",
                            "descripcion": "%K(55.62) est치 por encima de %D(47.31), indicando tendencia alcista."
                        },
                        "actual": {
                            "accion": "comprar",
                            "descripcion": "%K(55.62) est치 por encima de %D(47.31), indicando tendencia alcista."
                        }
                    },
                    "MACD": {
                        "anterior": {
                            "accion": "comprar",
                            "descripcion": "MACD(-4.13) est치 por encima de la se침al(-4.96), indicando tendencia alcista."
                        },
                        "actual": {
                            "accion": "comprar",
                            "descripcion": "MACD(-4.13) est치 por encima de la se침al(-4.96), indicando tendencia alcista."
                        }
                    },
                    "RSI": {
                        "anterior": {
                            "accion": "hold",
                            "descripcion": "RSI(35.61) est치 dentro del rango normal (35.00 < RSI < 65.00), no se recomienda acci칩n."
                        },
                        "actual": {
                            "accion": "hold",
                            "descripcion": "RSI(35.61) est치 dentro del rango normal (35.00 < RSI < 65.00), no se recomienda acci칩n."
                        }
                    }
                }
            }
        ]
    },
    {
        "fecha_hora": "2025-03-27 21:12:50 -05",
        "estrategia": "mediano_plazo",
        "numeros_destino": [
            "+57 317 4131370"
        ],
        "mensaje": "No se detectaron cambios significativos desde la 칰ltima ejecuci칩n.",
        "comparacion_completa": [
            {
                "mercado": "AAPL",
                "analisis_comparativo": {
                    "RSI": {
                        "anterior": {
                            "accion": "hold",
                            "descripcion": "RSI(35.61) est치 dentro del rango normal (35.00 < RSI < 65.00), no se recomienda acci칩n."
                        },
                        "actual": {
                            "accion": "hold",
                            "descripcion": "RSI(35.61) est치 dentro del rango normal (35.00 < RSI < 65.00), no se recomienda acci칩n."
                        }
                    },
                    "Precio": {
                        "anterior": {
                            "accion": "comprar",
                            "descripcion": "El precio actual(223.85) es mayor que el anterior(221.53), indicando tendencia alcista."
                        },
                        "actual": {
                            "accion": "comprar",
                            "descripcion": "El precio actual(223.85) es mayor que el anterior(221.53), indicando tendencia alcista."
                        }
                    },
                    "Estoc치stico": {
                        "anterior": {
                            "accion": "comprar",
                            "descripcion": "%K(55.62) est치 por encima de %D(47.31), indicando tendencia alcista."
                        },
                        "actual": {
                            "accion": "comprar",
                            "descripcion": "%K(55.62) est치 por encima de %D(47.31), indicando tendencia alcista."
                        }
                    },
                    "MACD": {
                        "anterior": {
                            "accion": "comprar",
                            "descripcion": "MACD(-4.13) est치 por encima de la se침al(-4.96), indicando tendencia alcista."
                        },
                        "actual": {
                            "accion": "comprar",
                            "descripcion": "MACD(-4.13) est치 por encima de la se침al(-4.96), indicando tendencia alcista."
                        }
                    }
                }
            },
            {
                "mercado": "TSLA",
                "analisis_comparativo": {
                    "RSI": {
                        "anterior": {
                            "accion": "hold",
                            "descripcion": "RSI(52.78) est치 dentro del rango normal (35.00 < RSI < 65.00), no se recomienda acci칩n."
                        },
                        "actual": {
                            "accion": "hold",
                            "descripcion": "RSI(52.78) est치 dentro del rango normal (35.00 < RSI < 65.00), no se recomienda acci칩n."
                        }
                    },
                    "Precio": {
                        "anterior": {
                            "accion": "comprar",
                            "descripcion": "El precio actual(273.13) es mayor que el anterior(272.06), indicando tendencia alcista."
                        },
                        "actual": {
                            "accion": "comprar",
                            "descripcion": "El precio actual(273.13) es mayor que el anterior(272.06), indicando tendencia alcista."
                        }
                    },
                    "Estoc치stico": {
                        "anterior": {
                            "accion": "vender",
                            "descripcion": "%K(74.99) est치 por debajo de %D(84.08), indicando tendencia bajista."
                        },
                        "actual": {
                            "accion": "vender",
                            "descripcion": "%K(74.99) est치 por debajo de %D(84.08), indicando tendencia bajista."
                        }
                    },
                    "MACD": {
                        "anterior": {
                            "accion": "comprar",
                            "descripcion": "MACD(-15.06) est치 por encima de la se침al(-23.68), indicando tendencia alcista."
                        },
                        "actual": {
                            "accion": "comprar",
                            "descripcion": "MACD(-15.06) est치 por encima de la se침al(-23.68), indicando tendencia alcista."
                        }
                    }
                }
            }
        ]
    },
    {
        "fecha_hora": "2025-03-27 21:13:05 -05",
        "estrategia": "mediano_plazo",
        "numeros_destino": [
            "+57 317 4131370"
        ],
        "mensaje": "No se detectaron cambios significativos desde la 칰ltima ejecuci칩n.",
        "comparacion_completa": [
            {
                "mercado": "AAPL",
                "analisis_comparativo": {
                    "RSI": {
                        "anterior": {
                            "accion": "hold",
                            "descripcion": "RSI(35.61) est치 dentro del rango normal (35.00 < RSI < 65.00), no se recomienda acci칩n."
                        },
                        "actual": {
                            "accion": "hold",
                            "descripcion": "RSI(35.61) est치 dentro del rango normal (35.00 < RSI < 65.00), no se recomienda acci칩n."
                        }
                    },
                    "MACD": {
                        "anterior": {
                            "accion": "comprar",
                            "descripcion": "MACD(-4.13) est치 por encima de la se침al(-4.96), indicando tendencia alcista."
                        },
                        "actual": {
                            "accion": "comprar",
                            "descripcion": "MACD(-4.13) est치 por encima de la se침al(-4.96), indicando tendencia alcista."
                        }
                    },
                    "Estoc치stico": {
                        "anterior": {
                            "accion": "comprar",
                            "descripcion": "%K(55.62) est치 por encima de %D(47.31), indicando tendencia alcista."
                        },
                        "actual": {
                            "accion": "comprar",
                            "descripcion": "%K(55.62) est치 por encima de %D(47.31), indicando tendencia alcista."
                        }
                    },
                    "Precio": {
                        "anterior": {
                            "accion": "comprar",
                            "descripcion": "El precio actual(223.85) es mayor que el anterior(221.53), indicando tendencia alcista."
                        },
                        "actual": {
                            "accion": "comprar",
                            "descripcion": "El precio actual(223.85) es mayor que el anterior(221.53), indicando tendencia alcista."
                        }
                    }
                }
            },
            {
                "mercado": "TSLA",
                "analisis_comparativo": {
                    "RSI": {
                        "anterior": {
                            "accion": "hold",
                            "descripcion": "RSI(52.78) est치 dentro del rango normal (35.00 < RSI < 65.00), no se recomienda acci칩n."
                        },
                        "actual": {
                            "accion": "hold",
                            "descripcion": "RSI(52.78) est치 dentro del rango normal (35.00 < RSI < 65.00), no se recomienda acci칩n."
                        }
                    },
                    "MACD": {
                        "anterior": {
                            "accion": "comprar",
                            "descripcion": "MACD(-15.06) est치 por encima de la se침al(-23.68), indicando tendencia alcista."
                        },
                        "actual": {
                            "accion": "comprar",
                            "descripcion": "MACD(-15.06) est치 por encima de la se침al(-23.68), indicando tendencia alcista."
                        }
                    },
                    "Estoc치stico": {
                        "anterior": {
                            "accion": "vender",
                            "descripcion": "%K(74.99) est치 por debajo de %D(84.08), indicando tendencia bajista."
                        },
                        "actual": {
                            "accion": "vender",
                            "descripcion": "%K(74.99) est치 por debajo de %D(84.08), indicando tendencia bajista."
                        }
                    },
                    "Precio": {
                        "anterior": {
                            "accion": "comprar",
                            "descripcion": "El precio actual(273.13) es mayor que el anterior(272.06), indicando tendencia alcista."
                        },
                        "actual": {
                            "accion": "comprar",
                            "descripcion": "El precio actual(273.13) es mayor que el anterior(272.06), indicando tendencia alcista."
                        }
                    }
                }
            }
        ]
    },
    {
        "fecha_hora": "2025-03-27 21:14:01 -05",
        "estrategia": "mediano_plazo",
        "numeros_destino": [
            "+57 317 4131370"
        ],
        "mensaje": "No se detectaron cambios significativos desde la 칰ltima ejecuci칩n.",
        "comparacion_completa": [
            {
                "mercado": "AAPL",
                "analisis_comparativo": {
                    "Estoc치stico": {
                        "anterior": {
                            "accion": "comprar",
                            "descripcion": "%K(55.62) est치 por encima de %D(47.31), indicando tendencia alcista."
                        },
                        "actual": {
                            "accion": "comprar",
                            "descripcion": "%K(55.62) est치 por encima de %D(47.31), indicando tendencia alcista."
                        }
                    },
                    "MACD": {
                        "anterior": {
                            "accion": "comprar",
                            "descripcion": "MACD(-4.13) est치 por encima de la se침al(-4.96), indicando tendencia alcista."
                        },
                        "actual": {
                            "accion": "comprar",
                            "descripcion": "MACD(-4.13) est치 por encima de la se침al(-4.96), indicando tendencia alcista."
                        }
                    },
                    "Precio": {
                        "anterior": {
                            "accion": "comprar",
                            "descripcion": "El precio actual(223.85) es mayor que el anterior(221.53), indicando tendencia alcista."
                        },
                        "actual": {
                            "accion": "comprar",
                            "descripcion": "El precio actual(223.85) es mayor que el anterior(221.53), indicando tendencia alcista."
                        }
                    },
                    "RSI": {
                        "anterior": {
                            "accion": "hold",
                            "descripcion": "RSI(35.61) est치 dentro del rango normal (35.00 < RSI < 65.00), no se recomienda acci칩n."
                        },
                        "actual": {
                            "accion": "hold",
                            "descripcion": "RSI(35.61) est치 dentro del rango normal (35.00 < RSI < 65.00), no se recomienda acci칩n."
                        }
                    }
                }
            },
            {
                "mercado": "TSLA",
                "analisis_comparativo": {
                    "Estoc치stico": {
                        "anterior": {
                            "accion": "vender",
                            "descripcion": "%K(74.99) est치 por debajo de %D(84.08), indicando tendencia bajista."
                        },
                        "actual": {
                            "accion": "vender",
                            "descripcion": "%K(74.99) est치 por debajo de %D(84.08), indicando tendencia bajista."
                        }
                    },
                    "MACD": {
                        "anterior": {
                            "accion": "comprar",
                            "descripcion": "MACD(-15.06) est치 por encima de la se침al(-23.68), indicando tendencia alcista."
                        },
                        "actual": {
                            "accion": "comprar",
                            "descripcion": "MACD(-15.06) est치 por encima de la se침al(-23.68), indicando tendencia alcista."
                        }
                    },
                    "Precio": {
                        "anterior": {
                            "accion": "comprar",
                            "descripcion": "El precio actual(273.13) es mayor que el anterior(272.06), indicando tendencia alcista."
                        },
                        "actual": {
                            "accion": "comprar",
                            "descripcion": "El precio actual(273.13) es mayor que el anterior(272.06), indicando tendencia alcista."
                        }
                    },
                    "RSI": {
                        "anterior": {
                            "accion": "hold",
                            "descripcion": "RSI(52.78) est치 dentro del rango normal (35.00 < RSI < 65.00), no se recomienda acci칩n."
                        },
                        "actual": {
                            "accion": "hold",
                            "descripcion": "RSI(52.78) est치 dentro del rango normal (35.00 < RSI < 65.00), no se recomienda acci칩n."
                        }
                    }
                }
            }
        ]
    },
    {
        "fecha_hora": "2025-03-27 21:14:25 -05",
        "estrategia": "mediano_plazo",
        "numeros_destino": [
            "+57 317 4131370"
        ],
        "mensaje": "No se detectaron cambios significativos desde la 칰ltima ejecuci칩n.",
        "comparacion_completa": [
            {
                "mercado": "AAPL",
                "analisis_comparativo": {
                    "RSI": {
                        "anterior": {
                            "accion": "hold",
                            "descripcion": "RSI(35.61) est치 dentro del rango normal (35.00 < RSI < 65.00), no se recomienda acci칩n."
                        },
                        "actual": {
                            "accion": "hold",
                            "descripcion": "RSI(35.61) est치 dentro del rango normal (35.00 < RSI < 65.00), no se recomienda acci칩n."
                        }
                    },
                    "Estoc치stico": {
                        "anterior": {
                            "accion": "comprar",
                            "descripcion": "%K(55.62) est치 por encima de %D(47.31), indicando tendencia alcista."
                        },
                        "actual": {
                            "accion": "comprar",
                            "descripcion": "%K(55.62) est치 por encima de %D(47.31), indicando tendencia alcista."
                        }
                    },
                    "Precio": {
                        "anterior": {
                            "accion": "comprar",
                            "descripcion": "El precio actual(223.85) es mayor que el anterior(221.53), indicando tendencia alcista."
                        },
                        "actual": {
                            "accion": "comprar",
                            "descripcion": "El precio actual(223.85) es mayor que el anterior(221.53), indicando tendencia alcista."
                        }
                    },
                    "MACD": {
                        "anterior": {
                            "accion": "comprar",
                            "descripcion": "MACD(-4.13) est치 por encima de la se침al(-4.96), indicando tendencia alcista."
                        },
                        "actual": {
                            "accion": "comprar",
                            "descripcion": "MACD(-4.13) est치 por encima de la se침al(-4.96), indicando tendencia alcista."
                        }
                    }
                }
            },
            {
                "mercado": "TSLA",
                "analisis_comparativo": {
                    "RSI": {
                        "anterior": {
                            "accion": "hold",
                            "descripcion": "RSI(52.78) est치 dentro del rango normal (35.00 < RSI < 65.00), no se recomienda acci칩n."
                        },
                        "actual": {
                            "accion": "hold",
                            "descripcion": "RSI(52.78) est치 dentro del rango normal (35.00 < RSI < 65.00), no se recomienda acci칩n."
                        }
                    },
                    "Estoc치stico": {
                        "anterior": {
                            "accion": "vender",
                            "descripcion": "%K(74.99) est치 por debajo de %D(84.08), indicando tendencia bajista."
                        },
                        "actual": {
                            "accion": "vender",
                            "descripcion": "%K(74.99) est치 por debajo de %D(84.08), indicando tendencia bajista."
                        }
                    },
                    "Precio": {
                        "anterior": {
                            "accion": "comprar",
                            "descripcion": "El precio actual(273.13) es mayor que el anterior(272.06), indicando tendencia alcista."
                        },
                        "actual": {
                            "accion": "comprar",
                            "descripcion": "El precio actual(273.13) es mayor que el anterior(272.06), indicando tendencia alcista."
                        }
                    },
                    "MACD": {
                        "anterior": {
                            "accion": "comprar",
                            "descripcion": "MACD(-15.06) est치 por encima de la se침al(-23.68), indicando tendencia alcista."
                        },
                        "actual": {
                            "accion": "comprar",
                            "descripcion": "MACD(-15.06) est치 por encima de la se침al(-23.68), indicando tendencia alcista."
                        }
                    }
                }
            }
        ]
    },
    {
        "fecha_hora": "2025-03-27 21:15:22 -05",
        "estrategia": "mediano_plazo",
        "numeros_destino": [
            "+57 317 4131370"
        ],
        "mensaje": "No se detectaron cambios significativos desde la 칰ltima ejecuci칩n.",
        "comparacion_completa": [
            {
                "mercado": "AAPL",
                "analisis_comparativo": {
                    "Estoc치stico": {
                        "anterior": {
                            "accion": "comprar",
                            "descripcion": "%K(55.62) est치 por encima de %D(47.31), indicando tendencia alcista."
                        },
                        "actual": {
                            "accion": "comprar",
                            "descripcion": "%K(55.62) est치 por encima de %D(47.31), indicando tendencia alcista."
                        }
                    },
                    "Precio": {
                        "anterior": {
                            "accion": "comprar",
                            "descripcion": "El precio actual(223.85) es mayor que el anterior(221.53), indicando tendencia alcista."
                        },
                        "actual": {
                            "accion": "comprar",
                            "descripcion": "El precio actual(223.85) es mayor que el anterior(221.53), indicando tendencia alcista."
                        }
                    },
                    "MACD": {
                        "anterior": {
                            "accion": "comprar",
                            "descripcion": "MACD(-4.13) est치 por encima de la se침al(-4.96), indicando tendencia alcista."
                        },
                        "actual": {
                            "accion": "comprar",
                            "descripcion": "MACD(-4.13) est치 por encima de la se침al(-4.96), indicando tendencia alcista."
                        }
                    },
                    "RSI": {
                        "anterior": {
                            "accion": "hold",
                            "descripcion": "RSI(35.61) est치 dentro del rango normal (35.00 < RSI < 65.00), no se recomienda acci칩n."
                        },
                        "actual": {
                            "accion": "hold",
                            "descripcion": "RSI(35.61) est치 dentro del rango normal (35.00 < RSI < 65.00), no se recomienda acci칩n."
                        }
                    }
                }
            },
            {
                "mercado": "TSLA",
                "analisis_comparativo": {
                    "Estoc치stico": {
                        "anterior": {
                            "accion": "vender",
                            "descripcion": "%K(74.99) est치 por debajo de %D(84.08), indicando tendencia bajista."
                        },
                        "actual": {
                            "accion": "vender",
                            "descripcion": "%K(74.99) est치 por debajo de %D(84.08), indicando tendencia bajista."
                        }
                    },
                    "Precio": {
                        "anterior": {
                            "accion": "comprar",
                            "descripcion": "El precio actual(273.13) es mayor que el anterior(272.06), indicando tendencia alcista."
                        },
                        "actual": {
                            "accion": "comprar",
                            "descripcion": "El precio actual(273.13) es mayor que el anterior(272.06), indicando tendencia alcista."
                        }
                    },
                    "MACD": {
                        "anterior": {
                            "accion": "comprar",
                            "descripcion": "MACD(-15.06) est치 por encima de la se침al(-23.68), indicando tendencia alcista."
                        },
                        "actual": {
                            "accion": "comprar",
                            "descripcion": "MACD(-15.06) est치 por encima de la se침al(-23.68), indicando tendencia alcista."
                        }
                    },
                    "RSI": {
                        "anterior": {
                            "accion": "hold",
                            "descripcion": "RSI(52.78) est치 dentro del rango normal (35.00 < RSI < 65.00), no se recomienda acci칩n."
                        },
                        "actual": {
                            "accion": "hold",
                            "descripcion": "RSI(52.78) est치 dentro del rango normal (35.00 < RSI < 65.00), no se recomienda acci칩n."
                        }
                    }
                }
            }
        ]
    },
    {
        "fecha_hora": "2025-03-27 21:29:18 -05",
        "estrategia": "mediano_plazo",
        "numeros_destino": [
            "+57 317 4131370"
        ],
        "mensaje": "游댒 *Actualizaci칩n de Trading (mediano_plazo)* 游댒\n\nCambio en TSLA (Estoc치stico): De vender a vender",
        "comparacion_completa": [
            {
                "mercado": "AAPL",
                "analisis_comparativo": {
                    "Precio": {
                        "anterior": {
                            "accion": "comprar",
                            "descripcion": "El precio actual(223.85) es mayor que el anterior(221.53), indicando tendencia alcista."
                        },
                        "actual": {
                            "accion": "comprar",
                            "descripcion": "El precio actual(223.85) es mayor que el anterior(221.53), indicando tendencia alcista."
                        }
                    },
                    "Estoc치stico": {
                        "anterior": {
                            "accion": "comprar",
                            "descripcion": "%K(55.62) est치 por encima de %D(47.31), indicando tendencia alcista."
                        },
                        "actual": {
                            "accion": "comprar",
                            "descripcion": "%K(55.62) est치 por encima de %D(47.31), indicando tendencia alcista."
                        }
                    },
                    "RSI": {
                        "anterior": {
                            "accion": "hold",
                            "descripcion": "RSI(35.61) est치 dentro del rango normal (35.00 < RSI < 65.00), no se recomienda acci칩n."
                        },
                        "actual": {
                            "accion": "hold",
                            "descripcion": "RSI(35.61) est치 dentro del rango normal (35.00 < RSI < 65.00), no se recomienda acci칩n."
                        }
                    },
                    "MACD": {
                        "anterior": {
                            "accion": "comprar",
                            "descripcion": "MACD(-4.13) est치 por encima de la se침al(-4.96), indicando tendencia alcista."
                        },
                        "actual": {
                            "accion": "comprar",
                            "descripcion": "MACD(-4.13) est치 por encima de la se침al(-4.96), indicando tendencia alcista."
                        }
                    }
                }
            },
            {
                "mercado": "TSLA",
                "analisis_comparativo": {
                    "Precio": {
                        "anterior": {
                            "accion": "comprar",
                            "descripcion": "El precio actual(273.13) es mayor que el anterior(272.06), indicando tendencia alcista."
                        },
                        "actual": {
                            "accion": "comprar",
                            "descripcion": "El precio actual(273.13) es mayor que el anterior(272.06), indicando tendencia alcista."
                        }
                    },
                    "Estoc치stico": {
                        "anterior": {
                            "accion": "vender",
                            "descripcion": "%K(74.99) est치 por debajo de %D(84.08), indicando tendencia bajista."
                        },
                        "actual": {
                            "accion": "vender",
                            "descripcion": "%K(74.98) est치 por debajo de %D(84.07), indicando tendencia bajista."
                        }
                    },
                    "RSI": {
                        "anterior": {
                            "accion": "hold",
                            "descripcion": "RSI(52.78) est치 dentro del rango normal (35.00 < RSI < 65.00), no se recomienda acci칩n."
                        },
                        "actual": {
                            "accion": "hold",
                            "descripcion": "RSI(52.78) est치 dentro del rango normal (35.00 < RSI < 65.00), no se recomienda acci칩n."
                        }
                    },
                    "MACD": {
                        "anterior": {
                            "accion": "comprar",
                            "descripcion": "MACD(-15.06) est치 por encima de la se침al(-23.68), indicando tendencia alcista."
                        },
                        "actual": {
                            "accion": "comprar",
                            "descripcion": "MACD(-15.06) est치 por encima de la se침al(-23.68), indicando tendencia alcista."
                        }
                    }
                }
            }
        ]
    },
    {
        "fecha_hora": "2025-04-19 14:26:55 -05",
        "estrategia": "mediano_plazo",
        "numeros_destino": [
            "+57 317 4131370"
        ],
        "mensaje": "游댒 *Actualizaci칩n de Trading (mediano_plazo)* 游댒\n\nCambio en TSLA (RSI): De hold a hold\nCambio en TSLA (MACD): De comprar a comprar\nCambio en TSLA (Precio): De comprar a vender\nCambio en TSLA (Estoc치stico): De vender a vender\nCambio en AAPL (RSI): De hold a hold\nCambio en AAPL (MACD): De comprar a comprar\nCambio en AAPL (Precio): De comprar a comprar\nCambio en AAPL (Estoc치stico): De comprar a vender",
        "comparacion_completa": [
            {
                "mercado": "TSLA",
                "analisis_comparativo": {
                    "RSI": {
                        "anterior": {
                            "accion": "hold",
                            "descripcion": "RSI(52.78) est치 dentro del rango normal (35.00 < RSI < 65.00), no se recomienda acci칩n."
                        },
                        "actual": {
                            "accion": "hold",
                            "descripcion": "RSI(43.61) est치 dentro del rango normal (35.00 < RSI < 65.00), no se recomienda acci칩n."
                        }
                    },
                    "MACD": {
                        "anterior": {
                            "accion": "comprar",
                            "descripcion": "MACD(-15.06) est치 por encima de la se침al(-23.68), indicando tendencia alcista."
                        },
                        "actual": {
                            "accion": "comprar",
                            "descripcion": "MACD(-9.18) est치 por encima de la se침al(-10.23), indicando tendencia alcista."
                        }
                    },
                    "Precio": {
                        "anterior": {
                            "accion": "comprar",
                            "descripcion": "El precio actual(273.13) es mayor que el anterior(272.06), indicando tendencia alcista."
                        },
                        "actual": {
                            "accion": "vender",
                            "descripcion": "El precio actual(241.37) es menor que el anterior(241.55), indicando tendencia bajista."
                        }
                    },
                    "Estoc치stico": {
                        "anterior": {
                            "accion": "vender",
                            "descripcion": "%K(74.98) est치 por debajo de %D(84.07), indicando tendencia bajista."
                        },
                        "actual": {
                            "accion": "vender",
                            "descripcion": "%K(38.34) est치 por debajo de %D(42.77), indicando tendencia bajista."
                        }
                    }
                }
            },
            {
                "mercado": "AAPL",
                "analisis_comparativo": {
                    "RSI": {
                        "anterior": {
                            "accion": "hold",
                            "descripcion": "RSI(35.61) est치 dentro del rango normal (35.00 < RSI < 65.00), no se recomienda acci칩n."
                        },
                        "actual": {
                            "accion": "hold",
                            "descripcion": "RSI(40.93) est치 dentro del rango normal (35.00 < RSI < 65.00), no se recomienda acci칩n."
                        }
                    },
                    "MACD": {
                        "anterior": {
                            "accion": "comprar",
                            "descripcion": "MACD(-4.13) est치 por encima de la se침al(-4.96), indicando tendencia alcista."
                        },
                        "actual": {
                            "accion": "comprar",
                            "descripcion": "MACD(-7.78) est치 por encima de la se침al(-8.19), indicando tendencia alcista."
                        }
                    },
                    "Precio": {
                        "anterior": {
                            "accion": "comprar",
                            "descripcion": "El precio actual(223.85) es mayor que el anterior(221.53), indicando tendencia alcista."
                        },
                        "actual": {
                            "accion": "comprar",
                            "descripcion": "El precio actual(196.98) es mayor que el anterior(194.27), indicando tendencia alcista."
                        }
                    },
                    "Estoc치stico": {
                        "anterior": {
                            "accion": "comprar",
                            "descripcion": "%K(55.62) est치 por encima de %D(47.31), indicando tendencia alcista."
                        },
                        "actual": {
                            "accion": "vender",
                            "descripcion": "%K(49.23) est치 por debajo de %D(50.68), indicando tendencia bajista."
                        }
                    }
                }
            }
        ]
    },
    {
        "fecha_hora": "2025-04-19 14:32:54 -05",
        "estrategia": "mediano_plazo",
        "numeros_destino": [
            "+57 317 4131370"
        ],
        "mensaje": "No se detectaron cambios significativos desde la 칰ltima ejecuci칩n.",
        "comparacion_completa": [
            {
                "mercado": "AAPL",
                "analisis_comparativo": {
                    "Estoc치stico": {
                        "anterior": {
                            "accion": "vender",
                            "descripcion": "%K(49.23) est치 por debajo de %D(50.68), indicando tendencia bajista."
                        },
                        "actual": {
                            "accion": "vender",
                            "descripcion": "%K(49.23) est치 por debajo de %D(50.68), indicando tendencia bajista."
                        }
                    },
                    "Precio": {
                        "anterior": {
                            "accion": "comprar",
                            "descripcion": "El precio actual(196.98) es mayor que el anterior(194.27), indicando tendencia alcista."
                        },
                        "actual": {
                            "accion": "comprar",
                            "descripcion": "El precio actual(196.98) es mayor que el anterior(194.27), indicando tendencia alcista."
                        }
                    },
                    "MACD": {
                        "anterior": {
                            "accion": "comprar",
                            "descripcion": "MACD(-7.78) est치 por encima de la se침al(-8.19), indicando tendencia alcista."
                        },
                        "actual": {
                            "accion": "comprar",
                            "descripcion": "MACD(-7.78) est치 por encima de la se침al(-8.19), indicando tendencia alcista."
                        }
                    },
                    "RSI": {
                        "anterior": {
                            "accion": "hold",
                            "descripcion": "RSI(40.93) est치 dentro del rango normal (35.00 < RSI < 65.00), no se recomienda acci칩n."
                        },
                        "actual": {
                            "accion": "hold",
                            "descripcion": "RSI(40.93) est치 dentro del rango normal (35.00 < RSI < 65.00), no se recomienda acci칩n."
                        }
                    }
                }
            },
            {
                "mercado": "TSLA",
                "analisis_comparativo": {
                    "Estoc치stico": {
                        "anterior": {
                            "accion": "vender",
                            "descripcion": "%K(38.34) est치 por debajo de %D(42.77), indicando tendencia bajista."
                        },
                        "actual": {
                            "accion": "vender",
                            "descripcion": "%K(38.34) est치 por debajo de %D(42.77), indicando tendencia bajista."
                        }
                    },
                    "Precio": {
                        "anterior": {
                            "accion": "vender",
                            "descripcion": "El precio actual(241.37) es menor que el anterior(241.55), indicando tendencia bajista."
                        },
                        "actual": {
                            "accion": "vender",
                            "descripcion": "El precio actual(241.37) es menor que el anterior(241.55), indicando tendencia bajista."
                        }
                    },
                    "MACD": {
                        "anterior": {
                            "accion": "comprar",
                            "descripcion": "MACD(-9.18) est치 por encima de la se침al(-10.23), indicando tendencia alcista."
                        },
                        "actual": {
                            "accion": "comprar",
                            "descripcion": "MACD(-9.18) est치 por encima de la se침al(-10.23), indicando tendencia alcista."
                        }
                    },
                    "RSI": {
                        "anterior": {
                            "accion": "hold",
                            "descripcion": "RSI(43.61) est치 dentro del rango normal (35.00 < RSI < 65.00), no se recomienda acci칩n."
                        },
                        "actual": {
                            "accion": "hold",
                            "descripcion": "RSI(43.61) est치 dentro del rango normal (35.00 < RSI < 65.00), no se recomienda acci칩n."
                        }
                    }
                }
            }
        ]
    },
    {
        "fecha_hora": "2025-04-19 14:34:10 -05",
        "estrategia": "mediano_plazo",
        "numeros_destino": [
            "+57 317 4131370"
        ],
        "mensaje": "No se detectaron cambios significativos desde la 칰ltima ejecuci칩n.",
        "comparacion_completa": [
            {
                "mercado": "TSLA",
                "analisis_comparativo": {
                    "Estoc치stico": {
                        "anterior": {
                            "accion": "vender",
                            "descripcion": "%K(38.34) est치 por debajo de %D(42.77), indicando tendencia bajista."
                        },
                        "actual": {
                            "accion": "vender",
                            "descripcion": "%K(38.34) est치 por debajo de %D(42.77), indicando tendencia bajista."
                        }
                    },
                    "MACD": {
                        "anterior": {
                            "accion": "comprar",
                            "descripcion": "MACD(-9.18) est치 por encima de la se침al(-10.23), indicando tendencia alcista."
                        },
                        "actual": {
                            "accion": "comprar",
                            "descripcion": "MACD(-9.18) est치 por encima de la se침al(-10.23), indicando tendencia alcista."
                        }
                    },
                    "Precio": {
                        "anterior": {
                            "accion": "vender",
                            "descripcion": "El precio actual(241.37) es menor que el anterior(241.55), indicando tendencia bajista."
                        },
                        "actual": {
                            "accion": "vender",
                            "descripcion": "El precio actual(241.37) es menor que el anterior(241.55), indicando tendencia bajista."
                        }
                    },
                    "RSI": {
                        "anterior": {
                            "accion": "hold",
                            "descripcion": "RSI(43.61) est치 dentro del rango normal (35.00 < RSI < 65.00), no se recomienda acci칩n."
                        },
                        "actual": {
                            "accion": "hold",
                            "descripcion": "RSI(43.61) est치 dentro del rango normal (35.00 < RSI < 65.00), no se recomienda acci칩n."
                        }
                    }
                }
            },
            {
                "mercado": "AAPL",
                "analisis_comparativo": {
                    "Estoc치stico": {
                        "anterior": {
                            "accion": "vender",
                            "descripcion": "%K(49.23) est치 por debajo de %D(50.68), indicando tendencia bajista."
                        },
                        "actual": {
                            "accion": "vender",
                            "descripcion": "%K(49.23) est치 por debajo de %D(50.68), indicando tendencia bajista."
                        }
                    },
                    "MACD": {
                        "anterior": {
                            "accion": "comprar",
                            "descripcion": "MACD(-7.78) est치 por encima de la se침al(-8.19), indicando tendencia alcista."
                        },
                        "actual": {
                            "accion": "comprar",
                            "descripcion": "MACD(-7.78) est치 por encima de la se침al(-8.19), indicando tendencia alcista."
                        }
                    },
                    "Precio": {
                        "anterior": {
                            "accion": "comprar",
                            "descripcion": "El precio actual(196.98) es mayor que el anterior(194.27), indicando tendencia alcista."
                        },
                        "actual": {
                            "accion": "comprar",
                            "descripcion": "El precio actual(196.98) es mayor que el anterior(194.27), indicando tendencia alcista."
                        }
                    },
                    "RSI": {
                        "anterior": {
                            "accion": "hold",
                            "descripcion": "RSI(40.93) est치 dentro del rango normal (35.00 < RSI < 65.00), no se recomienda acci칩n."
                        },
                        "actual": {
                            "accion": "hold",
                            "descripcion": "RSI(40.93) est치 dentro del rango normal (35.00 < RSI < 65.00), no se recomienda acci칩n."
                        }
                    }
                }
            }
        ]
    },
    {
        "fecha_hora": "2025-04-19 14:40:11 -05",
        "estrategia": "mediano_plazo",
        "numeros_destino": [
            "+57 317 4131370"
        ],
        "mensaje": "No se detectaron cambios significativos desde la 칰ltima ejecuci칩n.",
        "comparacion_completa": [
            {
                "mercado": "AAPL",
                "analisis_comparativo": {
                    "Precio": {
                        "anterior": {
                            "accion": "comprar",
                            "descripcion": "El precio actual(196.98) es mayor que el anterior(194.27), indicando tendencia alcista."
                        },
                        "actual": {
                            "accion": "comprar",
                            "descripcion": "El precio actual(196.98) es mayor que el anterior(194.27), indicando tendencia alcista."
                        }
                    },
                    "Estoc치stico": {
                        "anterior": {
                            "accion": "vender",
                            "descripcion": "%K(49.23) est치 por debajo de %D(50.68), indicando tendencia bajista."
                        },
                        "actual": {
                            "accion": "vender",
                            "descripcion": "%K(49.23) est치 por debajo de %D(50.68), indicando tendencia bajista."
                        }
                    },
                    "MACD": {
                        "anterior": {
                            "accion": "comprar",
                            "descripcion": "MACD(-7.78) est치 por encima de la se침al(-8.19), indicando tendencia alcista."
                        },
                        "actual": {
                            "accion": "comprar",
                            "descripcion": "MACD(-7.78) est치 por encima de la se침al(-8.19), indicando tendencia alcista."
                        }
                    },
                    "RSI": {
                        "anterior": {
                            "accion": "hold",
                            "descripcion": "RSI(40.93) est치 dentro del rango normal (35.00 < RSI < 65.00), no se recomienda acci칩n."
                        },
                        "actual": {
                            "accion": "hold",
                            "descripcion": "RSI(40.93) est치 dentro del rango normal (35.00 < RSI < 65.00), no se recomienda acci칩n."
                        }
                    }
                }
            },
            {
                "mercado": "TSLA",
                "analisis_comparativo": {
                    "Precio": {
                        "anterior": {
                            "accion": "vender",
                            "descripcion": "El precio actual(241.37) es menor que el anterior(241.55), indicando tendencia bajista."
                        },
                        "actual": {
                            "accion": "vender",
                            "descripcion": "El precio actual(241.37) es menor que el anterior(241.55), indicando tendencia bajista."
                        }
                    },
                    "Estoc치stico": {
                        "anterior": {
                            "accion": "vender",
                            "descripcion": "%K(38.34) est치 por debajo de %D(42.77), indicando tendencia bajista."
                        },
                        "actual": {
                            "accion": "vender",
                            "descripcion": "%K(38.34) est치 por debajo de %D(42.77), indicando tendencia bajista."
                        }
                    },
                    "MACD": {
                        "anterior": {
                            "accion": "comprar",
                            "descripcion": "MACD(-9.18) est치 por encima de la se침al(-10.23), indicando tendencia alcista."
                        },
                        "actual": {
                            "accion": "comprar",
                            "descripcion": "MACD(-9.18) est치 por encima de la se침al(-10.23), indicando tendencia alcista."
                        }
                    },
                    "RSI": {
                        "anterior": {
                            "accion": "hold",
                            "descripcion": "RSI(43.61) est치 dentro del rango normal (35.00 < RSI < 65.00), no se recomienda acci칩n."
                        },
                        "actual": {
                            "accion": "hold",
                            "descripcion": "RSI(43.61) est치 dentro del rango normal (35.00 < RSI < 65.00), no se recomienda acci칩n."
                        }
                    }
                }
            }
        ]
    }
]